<?xml version="1.0" encoding="UTF-8"?>
<!-- Generated by org.testng.reporters.JUnitReportReporter -->
<testsuite skipped="0" hostname="A4G267-PC" name="com.afour.tests.SignInPageTest" tests="4" failures="0" timestamp="10 May 2019 10:02:42 GMT" time="14.540" errors="0">
  <testcase name="SignInPageTestTwo" time="0.001" classname="com.afour.tests.SignInPageTest"/>
  <testcase name="verifySignInFunction" time="14.532" classname="com.afour.tests.SignInPageTest"/>
  <testcase name="SignInPageTestThree" time="0.001" classname="com.afour.tests.SignInPageTest"/>
  <testcase name="SignInPageTestOne" time="0.006" classname="com.afour.tests.SignInPageTest"/>
</testsuite> <!-- com.afour.tests.SignInPageTest -->
