<?xml version="1.0" encoding="UTF-8"?>
<!-- Generated by org.testng.reporters.JUnitReportReporter -->
<testsuite skipped="0" hostname="A4G267-PC" name="com.afour.tests.Admin_UserMgt_Test" tests="1" failures="0" timestamp="14 May 2019 11:33:36 GMT" time="20.374" errors="0">
  <testcase name="addUser" time="20.374" classname="com.afour.tests.Admin_UserMgt_Test"/>
</testsuite> <!-- com.afour.tests.Admin_UserMgt_Test -->
