<?xml version="1.0" encoding="UTF-8"?>
<!-- Generated by org.testng.reporters.JUnitReportReporter -->
<<<<<<< master
<testsuite skipped="0" hostname="A4G267-PC" name="com.afour.tests.Admin_UserMgt_Test" tests="1" failures="0" timestamp="13 May 2019 06:59:02 GMT" time="12.048" errors="0">
  <testcase name="addUser" time="12.048" classname="com.afour.tests.Admin_UserMgt_Test"/>
=======
<testsuite skipped="0" hostname="A4G267-PC" name="com.afour.tests.Admin_UserMgt_Test" tests="1" failures="0" timestamp="14 May 2019 09:36:59 GMT" time="16.496" errors="0">
  <testcase name="addUser" time="16.496" classname="com.afour.tests.Admin_UserMgt_Test"/>
>>>>>>> local
</testsuite> <!-- com.afour.tests.Admin_UserMgt_Test -->
