<?xml version="1.0" encoding="UTF-8"?>
<!-- Generated by org.testng.reporters.JUnitReportReporter -->
<testsuite skipped="0" hostname="A4G267-PC" name="com.afour.tests.HomePageTest" tests="2" failures="0" timestamp="13 May 2019 05:57:07 GMT" time="23.720" errors="0">
  <testcase name="verifyHomePage" time="8.032" classname="com.afour.tests.HomePageTest"/>
  <testcase name="validLogin" time="15.688" classname="com.afour.tests.HomePageTest"/>
</testsuite> <!-- com.afour.tests.HomePageTest -->
